[debug] [2017-07-31T02:41:31.782Z] ----------------------------------------------------------------------
[debug] [2017-07-31T02:41:31.784Z] Command:      /usr/bin/nodejs /usr/bin/firebase deploy --only functions:winOrder
[debug] [2017-07-31T02:41:31.785Z] CLI Version:  3.9.1
[debug] [2017-07-31T02:41:31.785Z] Platform:     linux
[debug] [2017-07-31T02:41:31.785Z] Node Version: v7.4.0
[debug] [2017-07-31T02:41:31.785Z] Time:         Mon Jul 31 2017 09:41:31 GMT+0700 (ICT)
[debug] [2017-07-31T02:41:31.785Z] ----------------------------------------------------------------------
[debug] 
[debug] [2017-07-31T02:41:31.795Z] > command requires scopes: ["email","openid","https://www.googleapis.com/auth/cloudplatformprojects.readonly","https://www.googleapis.com/auth/firebase","https://www.googleapis.com/auth/cloud-platform"]
[debug] [2017-07-31T02:41:31.795Z] > authorizing via signed-in user
[debug] [2017-07-31T02:41:31.797Z] > refreshing access token with scopes: ["email","https://www.googleapis.com/auth/cloud-platform","https://www.googleapis.com/auth/cloudplatformprojects.readonly","https://www.googleapis.com/auth/firebase","openid"]
[debug] [2017-07-31T02:41:31.798Z] >>> HTTP REQUEST POST https://www.googleapis.com/oauth2/v3/token { refresh_token: '1/a5Epcjd5nX7qVf6xgMhCn_pgeSrSTWPbSwqdMMXsgeg',
  client_id: '563584335869-fgrhgmd47bqnekij5i8b5pr03ho849e6.apps.googleusercontent.com',
  client_secret: 'j9iVZfS8kkCEFUPaAeJV0sAi',
  grant_type: 'refresh_token',
  scope: 'email https://www.googleapis.com/auth/cloud-platform https://www.googleapis.com/auth/cloudplatformprojects.readonly https://www.googleapis.com/auth/firebase openid' } 
 Mon Jul 31 2017 09:41:31 GMT+0700 (ICT)
[debug] [2017-07-31T02:41:32.043Z] <<< HTTP RESPONSE 200
[debug] [2017-07-31T02:41:32.093Z] >>> HTTP REQUEST GET https://admin.firebase.com/v1/projects/auctkmutt  
 Mon Jul 31 2017 09:41:32 GMT+0700 (ICT)
[debug] [2017-07-31T02:41:33.910Z] <<< HTTP RESPONSE 200
[debug] [2017-07-31T02:41:33.911Z] >>> HTTP REQUEST GET https://admin.firebase.com/v1/database/auctkmutt/tokens  
 Mon Jul 31 2017 09:41:33 GMT+0700 (ICT)
[debug] [2017-07-31T02:41:35.035Z] <<< HTTP RESPONSE 200
